C:\projeto_one_beleza\shopping-cart\dist\out-tsc\app\models\PromocaoVendas.model.js
C:\projeto_one_beleza\shopping-cart\dist\out-tsc\app\models\PromocaoVendas.model.js.map
C:\projeto_one_beleza\shopping-cart\dist\out-tsc\app\models\Classificacao.model.js
C:\projeto_one_beleza\shopping-cart\dist\out-tsc\app\models\Classificacao.model.js.map
C:\projeto_one_beleza\shopping-cart\dist\out-tsc\app\models\Produto.model.js
C:\projeto_one_beleza\shopping-cart\dist\out-tsc\app\models\Produto.model.js.map
C:\projeto_one_beleza\shopping-cart\dist\out-tsc\app\models\configClasses.repository.js
C:\projeto_one_beleza\shopping-cart\dist\out-tsc\app\models\configClasses.repository.js.map
C:\projeto_one_beleza\shopping-cart\dist\out-tsc\app\models\cart.model.js
C:\projeto_one_beleza\shopping-cart\dist\out-tsc\app\models\cart.model.js.map
C:\projeto_one_beleza\shopping-cart\dist\out-tsc\app\models\order.model.js
C:\projeto_one_beleza\shopping-cart\dist\out-tsc\app\models\order.model.js.map
C:\projeto_one_beleza\shopping-cart\dist\out-tsc\app\errorHandler.service.js
C:\projeto_one_beleza\shopping-cart\dist\out-tsc\app\errorHandler.service.js.map
C:\projeto_one_beleza\shopping-cart\dist\out-tsc\app\models\repository.js
C:\projeto_one_beleza\shopping-cart\dist\out-tsc\app\models\repository.js.map
C:\projeto_one_beleza\shopping-cart\dist\out-tsc\app\app.component.js
C:\projeto_one_beleza\shopping-cart\dist\out-tsc\app\app.component.js.map
C:\projeto_one_beleza\shopping-cart\dist\out-tsc\app\models\model.module.js
C:\projeto_one_beleza\shopping-cart\dist\out-tsc\app\models\model.module.js.map
C:\projeto_one_beleza\shopping-cart\dist\out-tsc\app\estrutura\produtoDetail.component.js
C:\projeto_one_beleza\shopping-cart\dist\out-tsc\app\estrutura\produtoDetail.component.js.map
C:\projeto_one_beleza\shopping-cart\dist\out-tsc\app\store\produtoSelect.component.js
C:\projeto_one_beleza\shopping-cart\dist\out-tsc\app\store\produtoSelect.component.js.map
C:\projeto_one_beleza\shopping-cart\dist\out-tsc\app\store\cartDetail.component.js
C:\projeto_one_beleza\shopping-cart\dist\out-tsc\app\store\cartDetail.component.js.map
C:\projeto_one_beleza\shopping-cart\dist\out-tsc\app\store\checkout\checkoutDetailsComponent.js
C:\projeto_one_beleza\shopping-cart\dist\out-tsc\app\store\checkout\checkoutDetailsComponent.js.map
C:\projeto_one_beleza\shopping-cart\dist\out-tsc\app\store\checkout\checkoutPayment.component.js
C:\projeto_one_beleza\shopping-cart\dist\out-tsc\app\store\checkout\checkoutPayment.component.js.map
C:\projeto_one_beleza\shopping-cart\dist\out-tsc\app\store\checkout\checkoutResume.component.js
C:\projeto_one_beleza\shopping-cart\dist\out-tsc\app\store\checkout\checkoutResume.component.js.map
C:\projeto_one_beleza\shopping-cart\dist\out-tsc\app\store\checkout\orderConfirmation.component.js
C:\projeto_one_beleza\shopping-cart\dist\out-tsc\app\store\checkout\orderConfirmation.component.js.map
C:\projeto_one_beleza\shopping-cart\dist\out-tsc\app\auth\authentication.service.js
C:\projeto_one_beleza\shopping-cart\dist\out-tsc\app\auth\authentication.service.js.map
C:\projeto_one_beleza\shopping-cart\dist\out-tsc\app\admin\admin.component.js
C:\projeto_one_beleza\shopping-cart\dist\out-tsc\app\admin\admin.component.js.map
C:\projeto_one_beleza\shopping-cart\dist\out-tsc\app\admin\overview.component.js
C:\projeto_one_beleza\shopping-cart\dist\out-tsc\app\admin\overview.component.js.map
C:\projeto_one_beleza\shopping-cart\dist\out-tsc\app\admin\produtoAdmin.component.js
C:\projeto_one_beleza\shopping-cart\dist\out-tsc\app\admin\produtoAdmin.component.js.map
C:\projeto_one_beleza\shopping-cart\dist\out-tsc\app\admin\orderAdmin.component.js
C:\projeto_one_beleza\shopping-cart\dist\out-tsc\app\admin\orderAdmin.component.js.map
C:\projeto_one_beleza\shopping-cart\dist\out-tsc\app\auth\authentication.guard.js
C:\projeto_one_beleza\shopping-cart\dist\out-tsc\app\auth\authentication.guard.js.map
C:\projeto_one_beleza\shopping-cart\dist\out-tsc\app\auth\authentication.component.js
C:\projeto_one_beleza\shopping-cart\dist\out-tsc\app\auth\authentication.component.js.map
C:\projeto_one_beleza\shopping-cart\dist\out-tsc\app\app.routing.js
C:\projeto_one_beleza\shopping-cart\dist\out-tsc\app\app.routing.js.map
C:\projeto_one_beleza\shopping-cart\dist\out-tsc\app\store\cartResume.component.js
C:\projeto_one_beleza\shopping-cart\dist\out-tsc\app\store\cartResume.component.js.map
C:\projeto_one_beleza\shopping-cart\dist\out-tsc\app\store\produto.Filter.component.js
C:\projeto_one_beleza\shopping-cart\dist\out-tsc\app\store\produto.Filter.component.js.map
C:\projeto_one_beleza\shopping-cart\dist\out-tsc\app\store\pagination.component.js
C:\projeto_one_beleza\shopping-cart\dist\out-tsc\app\store\pagination.component.js.map
C:\projeto_one_beleza\shopping-cart\dist\out-tsc\app\store\produtoList.component.js
C:\projeto_one_beleza\shopping-cart\dist\out-tsc\app\store\produtoList.component.js.map
C:\projeto_one_beleza\shopping-cart\dist\out-tsc\app\store\ratings.component.js
C:\projeto_one_beleza\shopping-cart\dist\out-tsc\app\store\ratings.component.js.map
C:\projeto_one_beleza\shopping-cart\dist\out-tsc\app\store\store.module.js
C:\projeto_one_beleza\shopping-cart\dist\out-tsc\app\store\store.module.js.map
C:\projeto_one_beleza\shopping-cart\dist\out-tsc\app\admin\produtoEditor.component.js
C:\projeto_one_beleza\shopping-cart\dist\out-tsc\app\admin\produtoEditor.component.js.map
C:\projeto_one_beleza\shopping-cart\dist\out-tsc\app\admin\admin.module.js
C:\projeto_one_beleza\shopping-cart\dist\out-tsc\app\admin\admin.module.js.map
C:\projeto_one_beleza\shopping-cart\dist\out-tsc\app\auth\auth.module.js
C:\projeto_one_beleza\shopping-cart\dist\out-tsc\app\auth\auth.module.js.map
C:\projeto_one_beleza\shopping-cart\dist\out-tsc\app\app.module.js
C:\projeto_one_beleza\shopping-cart\dist\out-tsc\app\app.module.js.map
C:\projeto_one_beleza\shopping-cart\dist\out-tsc\boot.js
C:\projeto_one_beleza\shopping-cart\dist\out-tsc\boot.js.map
C:\projeto_one_beleza\shopping-cart\dist\out-tsc\environments\environment.js
C:\projeto_one_beleza\shopping-cart\dist\out-tsc\environments\environment.js.map
C:\projeto_one_beleza\shopping-cart\dist\out-tsc\main.js
C:\projeto_one_beleza\shopping-cart\dist\out-tsc\main.js.map
C:\projeto_one_beleza\shopping-cart\dist\out-tsc\polyfills.js
C:\projeto_one_beleza\shopping-cart\dist\out-tsc\polyfills.js.map
C:\projeto_one_beleza\shopping-cart\dist\out-tsc\test.js
C:\projeto_one_beleza\shopping-cart\dist\out-tsc\test.js.map
C:\projeto_one_beleza\shopping-cart\dist\out-tsc\environments\environment.prod.js
C:\projeto_one_beleza\shopping-cart\dist\out-tsc\environments\environment.prod.js.map
C:\projeto_one_beleza\shopping-cart\dist\out-tsc\app\estrutura\produtoFilter.component.js
C:\projeto_one_beleza\shopping-cart\dist\out-tsc\app\estrutura\produtoFilter.component.js.map
C:\projeto_one_beleza\shopping-cart\dist\out-tsc\app\estrutura\produtoTabela.component.js
C:\projeto_one_beleza\shopping-cart\dist\out-tsc\app\estrutura\produtoTabela.component.js.map
